i2.s: Assembler messages:
i2.s:2: Error: no such instruction: `import java.time.Duration'
i2.s:3: Error: no such instruction: `import java.util.List'
i2.s:4: Error: no such instruction: `import java.util.Random'
i2.s:5: Error: no such instruction: `import put.game2048.*'
i2.s:7: Error: no such instruction: `public class MyAgent implements Agent {'
i2.s:8: Error: no such instruction: `public Random random=new Random(123)'
i2.s:13: Error: no such instruction: `public Action chooseAction(Board board,List possibleActions,Duration timeLimit){'
i2.s:18: Error: no such instruction: `if (possibleActions.contains(Action.DOWN){'
i2.s:19: Error: no such instruction: `return Action.DOWN'
i2.s:20: Error: junk at end of line, first unrecognized character is `}'
i2.s:22: Error: no such instruction: `if (possibleActions.contains(Action.DOWN){'
i2.s:23: Error: no such instruction: `return Action.DOWN'
i2.s:24: Error: junk at end of line, first unrecognized character is `}'
i2.s:26: Error: no such instruction: `if (possibleActions.contains(Action.LEFT){'
i2.s:27: Error: no such instruction: `return Action.LEFT'
i2.s:28: Error: junk at end of line, first unrecognized character is `}'
i2.s:30: Error: no such instruction: `if (possibleActions.contains(Action.UP){'
i2.s:31: Error: no such instruction: `return Action.UP'
i2.s:32: Error: junk at end of line, first unrecognized character is `}'
i2.s:34: Error: no such instruction: `if (possibleActions.contains(Action.LEFT){'
i2.s:35: Error: no such instruction: `return Action.LEFT'
i2.s:36: Error: junk at end of line, first unrecognized character is `}'
i2.s:38: Error: no such instruction: `if (possibleActions.contains(Action.LEFT){'
i2.s:39: Error: no such instruction: `return Action.LEFT'
i2.s:40: Error: junk at end of line, first unrecognized character is `}'
i2.s:42: Error: no such instruction: `if (possibleActions.contains(Action.LEFT){'
i2.s:43: Error: no such instruction: `return Action.LEFT'
i2.s:44: Error: junk at end of line, first unrecognized character is `}'
i2.s:46: Error: no such instruction: `if (possibleActions.contains(Action.UP){'
i2.s:47: Error: no such instruction: `return Action.UP'
i2.s:48: Error: junk at end of line, first unrecognized character is `}'
i2.s:50: Error: no such instruction: `if (possibleActions.contains(Action.UP){'
i2.s:51: Error: no such instruction: `return Action.UP'
i2.s:52: Error: junk at end of line, first unrecognized character is `}'
i2.s:54: Error: no such instruction: `if (possibleActions.contains(Action.LEFT){'
i2.s:55: Error: no such instruction: `return Action.LEFT'
i2.s:56: Error: junk at end of line, first unrecognized character is `}'
i2.s:58: Error: no such instruction: `if (possibleActions.contains(Action.DOWN){'
i2.s:59: Error: no such instruction: `return Action.DOWN'
i2.s:60: Error: junk at end of line, first unrecognized character is `}'
i2.s:62: Error: no such instruction: `if (possibleActions.contains(Action.DOWN){'
i2.s:63: Error: no such instruction: `return Action.DOWN'
i2.s:64: Error: junk at end of line, first unrecognized character is `}'
i2.s:66: Error: no such instruction: `if (possibleActions.contains(Action.RIGHT){'
i2.s:67: Error: no such instruction: `return Action.RIGHT'
i2.s:68: Error: junk at end of line, first unrecognized character is `}'
i2.s:70: Error: no such instruction: `if (possibleActions.contains(Action.LEFT){'
i2.s:71: Error: no such instruction: `return Action.LEFT'
i2.s:72: Error: junk at end of line, first unrecognized character is `}'
i2.s:74: Error: no such instruction: `if (possibleActions.contains(Action.UP){'
i2.s:75: Error: no such instruction: `return Action.UP'
i2.s:76: Error: junk at end of line, first unrecognized character is `}'
i2.s:78: Error: no such instruction: `if (possibleActions.contains(Action.RIGHT){'
i2.s:79: Error: no such instruction: `return Action.RIGHT'
i2.s:80: Error: junk at end of line, first unrecognized character is `}'
i2.s:82: Error: no such instruction: `if (possibleActions.contains(Action.UP){'
i2.s:83: Error: no such instruction: `return Action.UP'
i2.s:84: Error: junk at end of line, first unrecognized character is `}'
i2.s:86: Error: no such instruction: `if (possibleActions.contains(Action.DOWN){'
i2.s:87: Error: no such instruction: `return Action.DOWN'
i2.s:88: Error: junk at end of line, first unrecognized character is `}'
i2.s:90: Error: no such instruction: `if (possibleActions.contains(Action.UP){'
i2.s:91: Error: no such instruction: `return Action.UP'
i2.s:92: Error: junk at end of line, first unrecognized character is `}'
i2.s:94: Error: no such instruction: `if (possibleActions.contains(Action.DOWN){'
i2.s:95: Error: no such instruction: `return Action.DOWN'
i2.s:96: Error: junk at end of line, first unrecognized character is `}'
i2.s:98: Error: no such instruction: `if (possibleActions.contains(Action.UP){'
i2.s:99: Error: no such instruction: `return Action.UP'
i2.s:100: Error: junk at end of line, first unrecognized character is `}'
i2.s:102: Error: no such instruction: `if (possibleActions.contains(Action.DOWN){'
i2.s:103: Error: no such instruction: `return Action.DOWN'
i2.s:104: Error: junk at end of line, first unrecognized character is `}'
i2.s:106: Error: no such instruction: `if (possibleActions.contains(Action.DOWN){'
i2.s:107: Error: no such instruction: `return Action.DOWN'
i2.s:108: Error: junk at end of line, first unrecognized character is `}'
i2.s:110: Error: no such instruction: `if (possibleActions.contains(Action.UP){'
i2.s:111: Error: no such instruction: `return Action.UP'
i2.s:112: Error: junk at end of line, first unrecognized character is `}'
i2.s:114: Error: no such instruction: `if (possibleActions.contains(Action.DOWN){'
i2.s:115: Error: no such instruction: `return Action.DOWN'
i2.s:116: Error: junk at end of line, first unrecognized character is `}'
i2.s:118: Error: no such instruction: `if (possibleActions.contains(Action.DOWN){'
i2.s:119: Error: no such instruction: `return Action.DOWN'
i2.s:120: Error: junk at end of line, first unrecognized character is `}'
i2.s:122: Error: no such instruction: `if (possibleActions.contains(Action.LEFT){'
i2.s:123: Error: no such instruction: `return Action.LEFT'
i2.s:124: Error: junk at end of line, first unrecognized character is `}'
i2.s:126: Error: no such instruction: `if (possibleActions.contains(Action.DOWN){'
i2.s:127: Error: no such instruction: `return Action.DOWN'
i2.s:128: Error: junk at end of line, first unrecognized character is `}'
i2.s:130: Error: no such instruction: `if (possibleActions.contains(Action.DOWN){'
i2.s:131: Error: no such instruction: `return Action.DOWN'
i2.s:132: Error: junk at end of line, first unrecognized character is `}'
i2.s:134: Error: no such instruction: `if (possibleActions.contains(Action.UP){'
i2.s:135: Error: no such instruction: `return Action.UP'
i2.s:136: Error: junk at end of line, first unrecognized character is `}'
i2.s:138: Error: no such instruction: `if (possibleActions.contains(Action.UP){'
i2.s:139: Error: no such instruction: `return Action.UP'
i2.s:140: Error: junk at end of line, first unrecognized character is `}'
i2.s:142: Error: no such instruction: `if (possibleActions.contains(Action.UP){'
i2.s:143: Error: no such instruction: `return Action.UP'
i2.s:144: Error: junk at end of line, first unrecognized character is `}'
i2.s:146: Error: no such instruction: `if (possibleActions.contains(Action.DOWN){'
i2.s:147: Error: no such instruction: `return Action.DOWN'
i2.s:148: Error: junk at end of line, first unrecognized character is `}'
i2.s:150: Error: no such instruction: `if (possibleActions.contains(Action.RIGHT){'
i2.s:151: Error: no such instruction: `return Action.RIGHT'
i2.s:152: Error: junk at end of line, first unrecognized character is `}'
i2.s:154: Error: no such instruction: `if (possibleActions.contains(Action.LEFT){'
i2.s:155: Error: no such instruction: `return Action.LEFT'
i2.s:156: Error: junk at end of line, first unrecognized character is `}'
i2.s:158: Error: no such instruction: `if (possibleActions.contains(Action.DOWN){'
i2.s:159: Error: no such instruction: `return Action.DOWN'
i2.s:160: Error: junk at end of line, first unrecognized character is `}'
i2.s:162: Error: no such instruction: `if (possibleActions.contains(Action.DOWN){'
i2.s:163: Error: no such instruction: `return Action.DOWN'
i2.s:164: Error: junk at end of line, first unrecognized character is `}'
i2.s:166: Error: no such instruction: `if (possibleActions.contains(Action.DOWN){'
i2.s:167: Error: no such instruction: `return Action.DOWN'
i2.s:168: Error: junk at end of line, first unrecognized character is `}'
i2.s:170: Error: no such instruction: `if (possibleActions.contains(Action.RIGHT){'
i2.s:171: Error: no such instruction: `return Action.RIGHT'
i2.s:172: Error: junk at end of line, first unrecognized character is `}'
i2.s:174: Error: no such instruction: `if (possibleActions.contains(Action.DOWN){'
i2.s:175: Error: no such instruction: `return Action.DOWN'
i2.s:176: Error: junk at end of line, first unrecognized character is `}'
i2.s:178: Error: no such instruction: `if (possibleActions.contains(Action.DOWN){'
i2.s:179: Error: no such instruction: `return Action.DOWN'
i2.s:180: Error: junk at end of line, first unrecognized character is `}'
i2.s:182: Error: no such instruction: `if (possibleActions.contains(Action.DOWN){'
i2.s:183: Error: no such instruction: `return Action.DOWN'
i2.s:184: Error: junk at end of line, first unrecognized character is `}'
i2.s:186: Error: no such instruction: `if (possibleActions.contains(Action.RIGHT){'
i2.s:187: Error: no such instruction: `return Action.RIGHT'
i2.s:188: Error: junk at end of line, first unrecognized character is `}'
i2.s:190: Error: no such instruction: `if (possibleActions.contains(Action.UP){'
i2.s:191: Error: no such instruction: `return Action.UP'
i2.s:192: Error: junk at end of line, first unrecognized character is `}'
i2.s:194: Error: no such instruction: `if (possibleActions.contains(Action.DOWN){'
i2.s:195: Error: no such instruction: `return Action.DOWN'
i2.s:196: Error: junk at end of line, first unrecognized character is `}'
i2.s:198: Error: no such instruction: `if (possibleActions.contains(Action.DOWN){'
i2.s:199: Error: no such instruction: `return Action.DOWN'
i2.s:200: Error: junk at end of line, first unrecognized character is `}'
i2.s:202: Error: no such instruction: `if (possibleActions.contains(Action.DOWN){'
i2.s:203: Error: no such instruction: `return Action.DOWN'
i2.s:204: Error: junk at end of line, first unrecognized character is `}'
i2.s:206: Error: no such instruction: `if (possibleActions.contains(Action.RIGHT){'
i2.s:207: Error: no such instruction: `return Action.RIGHT'
i2.s:208: Error: junk at end of line, first unrecognized character is `}'
i2.s:210: Error: no such instruction: `if (possibleActions.contains(Action.UP){'
i2.s:211: Error: no such instruction: `return Action.UP'
i2.s:212: Error: junk at end of line, first unrecognized character is `}'
i2.s:214: Error: no such instruction: `if (possibleActions.contains(Action.LEFT){'
i2.s:215: Error: no such instruction: `return Action.LEFT'
i2.s:216: Error: junk at end of line, first unrecognized character is `}'
i2.s:218: Error: no such instruction: `if (possibleActions.contains(Action.RIGHT){'
i2.s:219: Error: no such instruction: `return Action.RIGHT'
i2.s:220: Error: junk at end of line, first unrecognized character is `}'
i2.s:222: Error: no such instruction: `if (possibleActions.contains(Action.DOWN){'
i2.s:223: Error: no such instruction: `return Action.DOWN'
i2.s:224: Error: junk at end of line, first unrecognized character is `}'
i2.s:226: Error: no such instruction: `if (possibleActions.contains(Action.RIGHT){'
i2.s:227: Error: no such instruction: `return Action.RIGHT'
i2.s:228: Error: junk at end of line, first unrecognized character is `}'
i2.s:230: Error: no such instruction: `if (possibleActions.contains(Action.UP){'
i2.s:231: Error: no such instruction: `return Action.UP'
i2.s:232: Error: junk at end of line, first unrecognized character is `}'
i2.s:234: Error: no such instruction: `if (possibleActions.contains(Action.RIGHT){'
i2.s:235: Error: no such instruction: `return Action.RIGHT'
i2.s:236: Error: junk at end of line, first unrecognized character is `}'
i2.s:238: Error: no such instruction: `if (possibleActions.contains(Action.UP){'
i2.s:239: Error: no such instruction: `return Action.UP'
i2.s:240: Error: junk at end of line, first unrecognized character is `}'
i2.s:242: Error: no such instruction: `if (possibleActions.contains(Action.UP){'
i2.s:243: Error: no such instruction: `return Action.UP'
i2.s:244: Error: junk at end of line, first unrecognized character is `}'
i2.s:246: Error: no such instruction: `if (possibleActions.contains(Action.RIGHT){'
i2.s:247: Error: no such instruction: `return Action.RIGHT'
i2.s:248: Error: junk at end of line, first unrecognized character is `}'
i2.s:250: Error: no such instruction: `if (possibleActions.contains(Action.UP){'
i2.s:251: Error: no such instruction: `return Action.UP'
i2.s:252: Error: junk at end of line, first unrecognized character is `}'
i2.s:254: Error: no such instruction: `if (possibleActions.contains(Action.RIGHT){'
i2.s:255: Error: no such instruction: `return Action.RIGHT'
i2.s:256: Error: junk at end of line, first unrecognized character is `}'
i2.s:258: Error: no such instruction: `if (possibleActions.contains(Action.LEFT){'
i2.s:259: Error: no such instruction: `return Action.LEFT'
i2.s:260: Error: junk at end of line, first unrecognized character is `}'
i2.s:262: Error: no such instruction: `if (possibleActions.contains(Action.UP){'
i2.s:263: Error: no such instruction: `return Action.UP'
i2.s:264: Error: junk at end of line, first unrecognized character is `}'
i2.s:266: Error: no such instruction: `if (possibleActions.contains(Action.UP){'
i2.s:267: Error: no such instruction: `return Action.UP'
i2.s:268: Error: junk at end of line, first unrecognized character is `}'
i2.s:270: Error: no such instruction: `if (possibleActions.contains(Action.LEFT){'
i2.s:271: Error: no such instruction: `return Action.LEFT'
i2.s:272: Error: junk at end of line, first unrecognized character is `}'
i2.s:274: Error: no such instruction: `if (possibleActions.contains(Action.DOWN){'
i2.s:275: Error: no such instruction: `return Action.DOWN'
i2.s:276: Error: junk at end of line, first unrecognized character is `}'
i2.s:278: Error: no such instruction: `if (possibleActions.contains(Action.RIGHT){'
i2.s:279: Error: no such instruction: `return Action.RIGHT'
i2.s:280: Error: junk at end of line, first unrecognized character is `}'
i2.s:282: Error: no such instruction: `if (possibleActions.contains(Action.RIGHT){'
i2.s:283: Error: no such instruction: `return Action.RIGHT'
i2.s:284: Error: junk at end of line, first unrecognized character is `}'
i2.s:286: Error: no such instruction: `if (possibleActions.contains(Action.DOWN){'
i2.s:287: Error: no such instruction: `return Action.DOWN'
i2.s:288: Error: junk at end of line, first unrecognized character is `}'
i2.s:290: Error: no such instruction: `if (possibleActions.contains(Action.UP){'
i2.s:291: Error: no such instruction: `return Action.UP'
i2.s:292: Error: junk at end of line, first unrecognized character is `}'
i2.s:294: Error: no such instruction: `if (possibleActions.contains(Action.UP){'
i2.s:295: Error: no such instruction: `return Action.UP'
i2.s:296: Error: junk at end of line, first unrecognized character is `}'
i2.s:298: Error: no such instruction: `if (possibleActions.contains(Action.RIGHT){'
i2.s:299: Error: no such instruction: `return Action.RIGHT'
i2.s:300: Error: junk at end of line, first unrecognized character is `}'
i2.s:302: Error: no such instruction: `if (possibleActions.contains(Action.UP){'
i2.s:303: Error: no such instruction: `return Action.UP'
i2.s:304: Error: junk at end of line, first unrecognized character is `}'
i2.s:306: Error: no such instruction: `if (possibleActions.contains(Action.LEFT){'
i2.s:307: Error: no such instruction: `return Action.LEFT'
i2.s:308: Error: junk at end of line, first unrecognized character is `}'
i2.s:310: Error: no such instruction: `if (possibleActions.contains(Action.LEFT){'
i2.s:311: Error: no such instruction: `return Action.LEFT'
i2.s:312: Error: junk at end of line, first unrecognized character is `}'
i2.s:314: Error: no such instruction: `if (possibleActions.contains(Action.RIGHT){'
i2.s:315: Error: no such instruction: `return Action.RIGHT'
i2.s:316: Error: junk at end of line, first unrecognized character is `}'
i2.s:318: Error: no such instruction: `if (possibleActions.contains(Action.DOWN){'
i2.s:319: Error: no such instruction: `return Action.DOWN'
i2.s:320: Error: junk at end of line, first unrecognized character is `}'
i2.s:322: Error: no such instruction: `if (possibleActions.contains(Action.UP){'
i2.s:323: Error: no such instruction: `return Action.UP'
i2.s:324: Error: junk at end of line, first unrecognized character is `}'
i2.s:326: Error: no such instruction: `if (possibleActions.contains(Action.UP){'
i2.s:327: Error: no such instruction: `return Action.UP'
i2.s:328: Error: junk at end of line, first unrecognized character is `}'
i2.s:330: Error: no such instruction: `if (possibleActions.contains(Action.LEFT){'
i2.s:331: Error: no such instruction: `return Action.LEFT'
i2.s:332: Error: junk at end of line, first unrecognized character is `}'
i2.s:334: Error: no such instruction: `if (possibleActions.contains(Action.UP){'
i2.s:335: Error: no such instruction: `return Action.UP'
i2.s:336: Error: junk at end of line, first unrecognized character is `}'
i2.s:338: Error: no such instruction: `if (possibleActions.contains(Action.LEFT){'
i2.s:339: Error: no such instruction: `return Action.LEFT'
i2.s:340: Error: junk at end of line, first unrecognized character is `}'
i2.s:342: Error: no such instruction: `if (possibleActions.contains(Action.DOWN){'
i2.s:343: Error: no such instruction: `return Action.DOWN'
i2.s:344: Error: junk at end of line, first unrecognized character is `}'
i2.s:346: Error: no such instruction: `if (possibleActions.contains(Action.RIGHT){'
i2.s:347: Error: no such instruction: `return Action.RIGHT'
i2.s:348: Error: junk at end of line, first unrecognized character is `}'
i2.s:350: Error: no such instruction: `if (possibleActions.contains(Action.RIGHT){'
i2.s:351: Error: no such instruction: `return Action.RIGHT'
i2.s:352: Error: junk at end of line, first unrecognized character is `}'
i2.s:354: Error: no such instruction: `if (possibleActions.contains(Action.RIGHT){'
i2.s:355: Error: no such instruction: `return Action.RIGHT'
i2.s:356: Error: junk at end of line, first unrecognized character is `}'
i2.s:358: Error: no such instruction: `if (possibleActions.contains(Action.LEFT){'
i2.s:359: Error: no such instruction: `return Action.LEFT'
i2.s:360: Error: junk at end of line, first unrecognized character is `}'
i2.s:362: Error: no such instruction: `if (possibleActions.contains(Action.DOWN){'
i2.s:363: Error: no such instruction: `return Action.DOWN'
i2.s:364: Error: junk at end of line, first unrecognized character is `}'
i2.s:366: Error: no such instruction: `if (possibleActions.contains(Action.UP){'
i2.s:367: Error: no such instruction: `return Action.UP'
i2.s:368: Error: junk at end of line, first unrecognized character is `}'
i2.s:370: Error: no such instruction: `if (possibleActions.contains(Action.DOWN){'
i2.s:371: Error: no such instruction: `return Action.DOWN'
i2.s:372: Error: junk at end of line, first unrecognized character is `}'
i2.s:374: Error: no such instruction: `if (possibleActions.contains(Action.RIGHT){'
i2.s:375: Error: no such instruction: `return Action.RIGHT'
i2.s:376: Error: junk at end of line, first unrecognized character is `}'
i2.s:378: Error: no such instruction: `if (possibleActions.contains(Action.UP){'
i2.s:379: Error: no such instruction: `return Action.UP'
i2.s:380: Error: junk at end of line, first unrecognized character is `}'
i2.s:382: Error: no such instruction: `if (possibleActions.contains(Action.UP){'
i2.s:383: Error: no such instruction: `return Action.UP'
i2.s:384: Error: junk at end of line, first unrecognized character is `}'
i2.s:386: Error: no such instruction: `if (possibleActions.contains(Action.DOWN){'
i2.s:387: Error: no such instruction: `return Action.DOWN'
i2.s:388: Error: junk at end of line, first unrecognized character is `}'
i2.s:390: Error: no such instruction: `if (possibleActions.contains(Action.RIGHT){'
i2.s:391: Error: no such instruction: `return Action.RIGHT'
i2.s:392: Error: junk at end of line, first unrecognized character is `}'
i2.s:394: Error: no such instruction: `if (possibleActions.contains(Action.DOWN){'
i2.s:395: Error: no such instruction: `return Action.DOWN'
i2.s:396: Error: junk at end of line, first unrecognized character is `}'
i2.s:398: Error: no such instruction: `if (possibleActions.contains(Action.UP){'
i2.s:399: Error: no such instruction: `return Action.UP'
i2.s:400: Error: junk at end of line, first unrecognized character is `}'
i2.s:402: Error: no such instruction: `if (possibleActions.contains(Action.LEFT){'
i2.s:403: Error: no such instruction: `return Action.LEFT'
i2.s:404: Error: junk at end of line, first unrecognized character is `}'
i2.s:406: Error: no such instruction: `if (possibleActions.contains(Action.LEFT){'
i2.s:407: Error: no such instruction: `return Action.LEFT'
i2.s:408: Error: junk at end of line, first unrecognized character is `}'
i2.s:410: Error: no such instruction: `if (possibleActions.contains(Action.DOWN){'
i2.s:411: Error: no such instruction: `return Action.DOWN'
i2.s:412: Error: junk at end of line, first unrecognized character is `}'
i2.s:414: Error: no such instruction: `if (possibleActions.contains(Action.LEFT){'
i2.s:415: Error: no such instruction: `return Action.LEFT'
i2.s:416: Error: junk at end of line, first unrecognized character is `}'
i2.s:418: Error: no such instruction: `if (possibleActions.contains(Action.UP){'
i2.s:419: Error: no such instruction: `return Action.UP'
i2.s:420: Error: junk at end of line, first unrecognized character is `}'
i2.s:422: Error: no such instruction: `if (possibleActions.contains(Action.RIGHT){'
i2.s:423: Error: no such instruction: `return Action.RIGHT'
i2.s:424: Error: junk at end of line, first unrecognized character is `}'
i2.s:426: Error: no such instruction: `if (possibleActions.contains(Action.UP){'
i2.s:427: Error: no such instruction: `return Action.UP'
i2.s:428: Error: junk at end of line, first unrecognized character is `}'
i2.s:430: Error: no such instruction: `if (possibleActions.contains(Action.DOWN){'
i2.s:431: Error: no such instruction: `return Action.DOWN'
i2.s:432: Error: junk at end of line, first unrecognized character is `}'
i2.s:434: Error: no such instruction: `if (possibleActions.contains(Action.DOWN){'
i2.s:435: Error: no such instruction: `return Action.DOWN'
i2.s:436: Error: junk at end of line, first unrecognized character is `}'
i2.s:438: Error: no such instruction: `if (possibleActions.contains(Action.RIGHT){'
i2.s:439: Error: no such instruction: `return Action.RIGHT'
i2.s:440: Error: junk at end of line, first unrecognized character is `}'
i2.s:442: Error: no such instruction: `if (possibleActions.contains(Action.DOWN){'
i2.s:443: Error: no such instruction: `return Action.DOWN'
i2.s:444: Error: junk at end of line, first unrecognized character is `}'
i2.s:446: Error: no such instruction: `if (possibleActions.contains(Action.RIGHT){'
i2.s:447: Error: no such instruction: `return Action.RIGHT'
i2.s:448: Error: junk at end of line, first unrecognized character is `}'
i2.s:450: Error: no such instruction: `if (possibleActions.contains(Action.RIGHT){'
i2.s:451: Error: no such instruction: `return Action.RIGHT'
i2.s:452: Error: junk at end of line, first unrecognized character is `}'
i2.s:454: Error: no such instruction: `if (possibleActions.contains(Action.DOWN){'
i2.s:455: Error: no such instruction: `return Action.DOWN'
i2.s:456: Error: junk at end of line, first unrecognized character is `}'
i2.s:458: Error: no such instruction: `if (possibleActions.contains(Action.DOWN){'
i2.s:459: Error: no such instruction: `return Action.DOWN'
i2.s:460: Error: junk at end of line, first unrecognized character is `}'
i2.s:462: Error: no such instruction: `if (possibleActions.contains(Action.RIGHT){'
i2.s:463: Error: no such instruction: `return Action.RIGHT'
i2.s:464: Error: junk at end of line, first unrecognized character is `}'
i2.s:466: Error: no such instruction: `if (possibleActions.contains(Action.DOWN){'
i2.s:467: Error: no such instruction: `return Action.DOWN'
i2.s:468: Error: junk at end of line, first unrecognized character is `}'
i2.s:470: Error: no such instruction: `if (possibleActions.contains(Action.UP){'
i2.s:471: Error: no such instruction: `return Action.UP'
i2.s:472: Error: junk at end of line, first unrecognized character is `}'
i2.s:474: Error: no such instruction: `if (possibleActions.contains(Action.LEFT){'
i2.s:475: Error: no such instruction: `return Action.LEFT'
i2.s:476: Error: junk at end of line, first unrecognized character is `}'
i2.s:478: Error: no such instruction: `if (possibleActions.contains(Action.RIGHT){'
i2.s:479: Error: no such instruction: `return Action.RIGHT'
i2.s:480: Error: junk at end of line, first unrecognized character is `}'
i2.s:482: Error: no such instruction: `if (possibleActions.contains(Action.RIGHT){'
i2.s:483: Error: no such instruction: `return Action.RIGHT'
i2.s:484: Error: junk at end of line, first unrecognized character is `}'
i2.s:486: Error: no such instruction: `if (possibleActions.contains(Action.DOWN){'
i2.s:487: Error: no such instruction: `return Action.DOWN'
i2.s:488: Error: junk at end of line, first unrecognized character is `}'
i2.s:490: Error: no such instruction: `if (possibleActions.contains(Action.DOWN){'
i2.s:491: Error: no such instruction: `return Action.DOWN'
i2.s:492: Error: junk at end of line, first unrecognized character is `}'
i2.s:494: Error: no such instruction: `if (possibleActions.contains(Action.LEFT){'
i2.s:495: Error: no such instruction: `return Action.LEFT'
i2.s:496: Error: junk at end of line, first unrecognized character is `}'
i2.s:498: Error: no such instruction: `if (possibleActions.contains(Action.LEFT){'
i2.s:499: Error: no such instruction: `return Action.LEFT'
i2.s:500: Error: junk at end of line, first unrecognized character is `}'
i2.s:502: Error: no such instruction: `if (possibleActions.contains(Action.DOWN){'
i2.s:503: Error: no such instruction: `return Action.DOWN'
i2.s:504: Error: junk at end of line, first unrecognized character is `}'
i2.s:506: Error: no such instruction: `if (possibleActions.contains(Action.LEFT){'
i2.s:507: Error: no such instruction: `return Action.LEFT'
i2.s:508: Error: junk at end of line, first unrecognized character is `}'
i2.s:510: Error: no such instruction: `if (possibleActions.contains(Action.RIGHT){'
i2.s:511: Error: no such instruction: `return Action.RIGHT'
i2.s:512: Error: junk at end of line, first unrecognized character is `}'
i2.s:514: Error: no such instruction: `if (possibleActions.contains(Action.RIGHT){'
i2.s:515: Error: no such instruction: `return Action.RIGHT'
i2.s:516: Error: junk at end of line, first unrecognized character is `}'
i2.s:518: Error: no such instruction: `if (possibleActions.contains(Action.DOWN){'
i2.s:519: Error: no such instruction: `return Action.DOWN'
i2.s:520: Error: junk at end of line, first unrecognized character is `}'
i2.s:522: Error: no such instruction: `if (possibleActions.contains(Action.UP){'
i2.s:523: Error: no such instruction: `return Action.UP'
i2.s:524: Error: junk at end of line, first unrecognized character is `}'
i2.s:526: Error: no such instruction: `if (possibleActions.contains(Action.LEFT){'
i2.s:527: Error: no such instruction: `return Action.LEFT'
i2.s:528: Error: junk at end of line, first unrecognized character is `}'
i2.s:530: Error: no such instruction: `if (possibleActions.contains(Action.LEFT){'
i2.s:531: Error: no such instruction: `return Action.LEFT'
i2.s:532: Error: junk at end of line, first unrecognized character is `}'
i2.s:534: Error: no such instruction: `if (possibleActions.contains(Action.DOWN){'
i2.s:535: Error: no such instruction: `return Action.DOWN'
i2.s:536: Error: junk at end of line, first unrecognized character is `}'
i2.s:538: Error: no such instruction: `if (possibleActions.contains(Action.LEFT){'
i2.s:539: Error: no such instruction: `return Action.LEFT'
i2.s:540: Error: junk at end of line, first unrecognized character is `}'
i2.s:542: Error: no such instruction: `if (possibleActions.contains(Action.RIGHT){'
i2.s:543: Error: no such instruction: `return Action.RIGHT'
i2.s:544: Error: junk at end of line, first unrecognized character is `}'
i2.s:546: Error: no such instruction: `if (possibleActions.contains(Action.LEFT){'
i2.s:547: Error: no such instruction: `return Action.LEFT'
i2.s:548: Error: junk at end of line, first unrecognized character is `}'
i2.s:550: Error: no such instruction: `if (possibleActions.contains(Action.LEFT){'
i2.s:551: Error: no such instruction: `return Action.LEFT'
i2.s:552: Error: junk at end of line, first unrecognized character is `}'
i2.s:554: Error: no such instruction: `if (possibleActions.contains(Action.RIGHT){'
i2.s:555: Error: no such instruction: `return Action.RIGHT'
i2.s:556: Error: junk at end of line, first unrecognized character is `}'
i2.s:558: Error: no such instruction: `if (possibleActions.contains(Action.RIGHT){'
i2.s:559: Error: no such instruction: `return Action.RIGHT'
i2.s:560: Error: junk at end of line, first unrecognized character is `}'
i2.s:562: Error: no such instruction: `if (possibleActions.contains(Action.RIGHT){'
i2.s:563: Error: no such instruction: `return Action.RIGHT'
i2.s:564: Error: junk at end of line, first unrecognized character is `}'
i2.s:566: Error: no such instruction: `if (possibleActions.contains(Action.LEFT){'
i2.s:567: Error: no such instruction: `return Action.LEFT'
i2.s:568: Error: junk at end of line, first unrecognized character is `}'
i2.s:570: Error: no such instruction: `if (possibleActions.contains(Action.LEFT){'
i2.s:571: Error: no such instruction: `return Action.LEFT'
i2.s:572: Error: junk at end of line, first unrecognized character is `}'
i2.s:574: Error: no such instruction: `if (possibleActions.contains(Action.RIGHT){'
i2.s:575: Error: no such instruction: `return Action.RIGHT'
i2.s:576: Error: junk at end of line, first unrecognized character is `}'
i2.s:578: Error: no such instruction: `if (possibleActions.contains(Action.RIGHT){'
i2.s:579: Error: no such instruction: `return Action.RIGHT'
i2.s:580: Error: junk at end of line, first unrecognized character is `}'
i2.s:582: Error: no such instruction: `if (possibleActions.contains(Action.LEFT){'
i2.s:583: Error: no such instruction: `return Action.LEFT'
i2.s:584: Error: junk at end of line, first unrecognized character is `}'
i2.s:586: Error: no such instruction: `if (possibleActions.contains(Action.UP){'
i2.s:587: Error: no such instruction: `return Action.UP'
i2.s:588: Error: junk at end of line, first unrecognized character is `}'
i2.s:590: Error: no such instruction: `if (possibleActions.contains(Action.UP){'
i2.s:591: Error: no such instruction: `return Action.UP'
i2.s:592: Error: junk at end of line, first unrecognized character is `}'
i2.s:594: Error: no such instruction: `if (possibleActions.contains(Action.UP){'
i2.s:595: Error: no such instruction: `return Action.UP'
i2.s:596: Error: junk at end of line, first unrecognized character is `}'
i2.s:598: Error: no such instruction: `if (possibleActions.contains(Action.RIGHT){'
i2.s:599: Error: no such instruction: `return Action.RIGHT'
i2.s:600: Error: junk at end of line, first unrecognized character is `}'
i2.s:602: Error: no such instruction: `if (possibleActions.contains(Action.LEFT){'
i2.s:603: Error: no such instruction: `return Action.LEFT'
i2.s:604: Error: junk at end of line, first unrecognized character is `}'
i2.s:606: Error: no such instruction: `if (possibleActions.contains(Action.RIGHT){'
i2.s:607: Error: no such instruction: `return Action.RIGHT'
i2.s:608: Error: junk at end of line, first unrecognized character is `}'
i2.s:610: Error: no such instruction: `if (possibleActions.contains(Action.DOWN){'
i2.s:611: Error: no such instruction: `return Action.DOWN'
i2.s:612: Error: junk at end of line, first unrecognized character is `}'
i2.s:614: Error: no such instruction: `if (possibleActions.contains(Action.LEFT){'
i2.s:615: Error: no such instruction: `return Action.LEFT'
i2.s:616: Error: junk at end of line, first unrecognized character is `}'
i2.s:618: Error: no such instruction: `if (possibleActions.contains(Action.RIGHT){'
i2.s:619: Error: no such instruction: `return Action.RIGHT'
i2.s:620: Error: junk at end of line, first unrecognized character is `}'
i2.s:622: Error: no such instruction: `if (possibleActions.contains(Action.RIGHT){'
i2.s:623: Error: no such instruction: `return Action.RIGHT'
i2.s:624: Error: junk at end of line, first unrecognized character is `}'
i2.s:626: Error: no such instruction: `if (possibleActions.contains(Action.RIGHT){'
i2.s:627: Error: no such instruction: `return Action.RIGHT'
i2.s:628: Error: junk at end of line, first unrecognized character is `}'
i2.s:630: Error: no such instruction: `if (possibleActions.contains(Action.UP){'
i2.s:631: Error: no such instruction: `return Action.UP'
i2.s:632: Error: junk at end of line, first unrecognized character is `}'
i2.s:634: Error: no such instruction: `if (possibleActions.contains(Action.DOWN){'
i2.s:635: Error: no such instruction: `return Action.DOWN'
i2.s:636: Error: junk at end of line, first unrecognized character is `}'
i2.s:638: Error: no such instruction: `if (possibleActions.contains(Action.LEFT){'
i2.s:639: Error: no such instruction: `return Action.LEFT'
i2.s:640: Error: junk at end of line, first unrecognized character is `}'
i2.s:642: Error: no such instruction: `if (possibleActions.contains(Action.LEFT){'
i2.s:643: Error: no such instruction: `return Action.LEFT'
i2.s:644: Error: junk at end of line, first unrecognized character is `}'
i2.s:646: Error: no such instruction: `if (possibleActions.contains(Action.DOWN){'
i2.s:647: Error: no such instruction: `return Action.DOWN'
i2.s:648: Error: junk at end of line, first unrecognized character is `}'
i2.s:650: Error: no such instruction: `if (possibleActions.contains(Action.LEFT){'
i2.s:651: Error: no such instruction: `return Action.LEFT'
i2.s:652: Error: junk at end of line, first unrecognized character is `}'
i2.s:654: Error: no such instruction: `if (possibleActions.contains(Action.RIGHT){'
i2.s:655: Error: no such instruction: `return Action.RIGHT'
i2.s:656: Error: junk at end of line, first unrecognized character is `}'
i2.s:658: Error: no such instruction: `if (possibleActions.contains(Action.LEFT){'
i2.s:659: Error: no such instruction: `return Action.LEFT'
i2.s:660: Error: junk at end of line, first unrecognized character is `}'
i2.s:662: Error: no such instruction: `if (possibleActions.contains(Action.UP){'
i2.s:663: Error: no such instruction: `return Action.UP'
i2.s:664: Error: junk at end of line, first unrecognized character is `}'
i2.s:666: Error: no such instruction: `if (possibleActions.contains(Action.DOWN){'
i2.s:667: Error: no such instruction: `return Action.DOWN'
i2.s:668: Error: junk at end of line, first unrecognized character is `}'
i2.s:670: Error: no such instruction: `if (possibleActions.contains(Action.DOWN){'
i2.s:671: Error: no such instruction: `return Action.DOWN'
i2.s:672: Error: junk at end of line, first unrecognized character is `}'
i2.s:674: Error: no such instruction: `if (possibleActions.contains(Action.LEFT){'
i2.s:675: Error: no such instruction: `return Action.LEFT'
i2.s:676: Error: junk at end of line, first unrecognized character is `}'
i2.s:678: Error: no such instruction: `if (possibleActions.contains(Action.LEFT){'
i2.s:679: Error: no such instruction: `return Action.LEFT'
i2.s:680: Error: junk at end of line, first unrecognized character is `}'
i2.s:682: Error: no such instruction: `if (possibleActions.contains(Action.DOWN){'
i2.s:683: Error: no such instruction: `return Action.DOWN'
i2.s:684: Error: junk at end of line, first unrecognized character is `}'
i2.s:686: Error: no such instruction: `if (possibleActions.contains(Action.RIGHT){'
i2.s:687: Error: no such instruction: `return Action.RIGHT'
i2.s:688: Error: junk at end of line, first unrecognized character is `}'
i2.s:690: Error: no such instruction: `if (possibleActions.contains(Action.LEFT){'
i2.s:691: Error: no such instruction: `return Action.LEFT'
i2.s:692: Error: junk at end of line, first unrecognized character is `}'
i2.s:694: Error: no such instruction: `if (possibleActions.contains(Action.UP){'
i2.s:695: Error: no such instruction: `return Action.UP'
i2.s:696: Error: junk at end of line, first unrecognized character is `}'
i2.s:698: Error: no such instruction: `if (possibleActions.contains(Action.DOWN){'
i2.s:699: Error: no such instruction: `return Action.DOWN'
i2.s:700: Error: junk at end of line, first unrecognized character is `}'
i2.s:702: Error: no such instruction: `if (possibleActions.contains(Action.UP){'
i2.s:703: Error: no such instruction: `return Action.UP'
i2.s:704: Error: junk at end of line, first unrecognized character is `}'
i2.s:706: Error: no such instruction: `if (possibleActions.contains(Action.RIGHT){'
i2.s:707: Error: no such instruction: `return Action.RIGHT'
i2.s:708: Error: junk at end of line, first unrecognized character is `}'
i2.s:710: Error: no such instruction: `if (possibleActions.contains(Action.LEFT){'
i2.s:711: Error: no such instruction: `return Action.LEFT'
i2.s:712: Error: junk at end of line, first unrecognized character is `}'
i2.s:714: Error: no such instruction: `if (possibleActions.contains(Action.RIGHT){'
i2.s:715: Error: no such instruction: `return Action.RIGHT'
i2.s:716: Error: junk at end of line, first unrecognized character is `}'
i2.s:718: Error: no such instruction: `if (possibleActions.contains(Action.LEFT){'
i2.s:719: Error: no such instruction: `return Action.LEFT'
i2.s:720: Error: junk at end of line, first unrecognized character is `}'
i2.s:722: Error: no such instruction: `if (possibleActions.contains(Action.DOWN){'
i2.s:723: Error: no such instruction: `return Action.DOWN'
i2.s:724: Error: junk at end of line, first unrecognized character is `}'
i2.s:726: Error: no such instruction: `if (possibleActions.contains(Action.UP){'
i2.s:727: Error: no such instruction: `return Action.UP'
i2.s:728: Error: junk at end of line, first unrecognized character is `}'
i2.s:730: Error: no such instruction: `if (possibleActions.contains(Action.DOWN){'
i2.s:731: Error: no such instruction: `return Action.DOWN'
i2.s:732: Error: junk at end of line, first unrecognized character is `}'
i2.s:734: Error: no such instruction: `if (possibleActions.contains(Action.RIGHT){'
i2.s:735: Error: no such instruction: `return Action.RIGHT'
i2.s:736: Error: junk at end of line, first unrecognized character is `}'
i2.s:738: Error: no such instruction: `if (possibleActions.contains(Action.RIGHT){'
i2.s:739: Error: no such instruction: `return Action.RIGHT'
i2.s:740: Error: junk at end of line, first unrecognized character is `}'
i2.s:742: Error: no such instruction: `if (possibleActions.contains(Action.UP){'
i2.s:743: Error: no such instruction: `return Action.UP'
i2.s:744: Error: junk at end of line, first unrecognized character is `}'
i2.s:746: Error: no such instruction: `if (possibleActions.contains(Action.UP){'
i2.s:747: Error: no such instruction: `return Action.UP'
i2.s:748: Error: junk at end of line, first unrecognized character is `}'
i2.s:750: Error: no such instruction: `if (possibleActions.contains(Action.DOWN){'
i2.s:751: Error: no such instruction: `return Action.DOWN'
i2.s:752: Error: junk at end of line, first unrecognized character is `}'
i2.s:754: Error: no such instruction: `if (possibleActions.contains(Action.UP){'
i2.s:755: Error: no such instruction: `return Action.UP'
i2.s:756: Error: junk at end of line, first unrecognized character is `}'
i2.s:758: Error: no such instruction: `if (possibleActions.contains(Action.RIGHT){'
i2.s:759: Error: no such instruction: `return Action.RIGHT'
i2.s:760: Error: junk at end of line, first unrecognized character is `}'
i2.s:762: Error: no such instruction: `if (possibleActions.contains(Action.DOWN){'
i2.s:763: Error: no such instruction: `return Action.DOWN'
i2.s:764: Error: junk at end of line, first unrecognized character is `}'
i2.s:766: Error: no such instruction: `if (possibleActions.contains(Action.LEFT){'
i2.s:767: Error: no such instruction: `return Action.LEFT'
i2.s:768: Error: junk at end of line, first unrecognized character is `}'
i2.s:770: Error: no such instruction: `if (possibleActions.contains(Action.RIGHT){'
i2.s:771: Error: no such instruction: `return Action.RIGHT'
i2.s:772: Error: junk at end of line, first unrecognized character is `}'
i2.s:774: Error: no such instruction: `if (possibleActions.contains(Action.RIGHT){'
i2.s:775: Error: no such instruction: `return Action.RIGHT'
i2.s:776: Error: junk at end of line, first unrecognized character is `}'
i2.s:778: Error: no such instruction: `if (possibleActions.contains(Action.LEFT){'
i2.s:779: Error: no such instruction: `return Action.LEFT'
i2.s:780: Error: junk at end of line, first unrecognized character is `}'
i2.s:782: Error: no such instruction: `if (possibleActions.contains(Action.RIGHT){'
i2.s:783: Error: no such instruction: `return Action.RIGHT'
i2.s:784: Error: junk at end of line, first unrecognized character is `}'
i2.s:786: Error: no such instruction: `if (possibleActions.contains(Action.DOWN){'
i2.s:787: Error: no such instruction: `return Action.DOWN'
i2.s:788: Error: junk at end of line, first unrecognized character is `}'
i2.s:790: Error: no such instruction: `if (possibleActions.contains(Action.DOWN){'
i2.s:791: Error: no such instruction: `return Action.DOWN'
i2.s:792: Error: junk at end of line, first unrecognized character is `}'
i2.s:794: Error: no such instruction: `if (possibleActions.contains(Action.RIGHT){'
i2.s:795: Error: no such instruction: `return Action.RIGHT'
i2.s:796: Error: junk at end of line, first unrecognized character is `}'
i2.s:798: Error: no such instruction: `if (possibleActions.contains(Action.UP){'
i2.s:799: Error: no such instruction: `return Action.UP'
i2.s:800: Error: junk at end of line, first unrecognized character is `}'
i2.s:802: Error: no such instruction: `if (possibleActions.contains(Action.LEFT){'
i2.s:803: Error: no such instruction: `return Action.LEFT'
i2.s:804: Error: junk at end of line, first unrecognized character is `}'
i2.s:806: Error: no such instruction: `if (possibleActions.contains(Action.DOWN){'
i2.s:807: Error: no such instruction: `return Action.DOWN'
i2.s:808: Error: junk at end of line, first unrecognized character is `}'
i2.s:810: Error: no such instruction: `if (possibleActions.contains(Action.UP){'
i2.s:811: Error: no such instruction: `return Action.UP'
i2.s:812: Error: junk at end of line, first unrecognized character is `}'
i2.s:814: Error: no such instruction: `if (possibleActions.contains(Action.DOWN){'
i2.s:815: Error: no such instruction: `return Action.DOWN'
i2.s:816: Error: junk at end of line, first unrecognized character is `}'
i2.s:818: Error: no such instruction: `if (possibleActions.contains(Action.DOWN){'
i2.s:819: Error: no such instruction: `return Action.DOWN'
i2.s:820: Error: junk at end of line, first unrecognized character is `}'
i2.s:822: Error: no such instruction: `if (possibleActions.contains(Action.DOWN){'
i2.s:823: Error: no such instruction: `return Action.DOWN'
i2.s:824: Error: junk at end of line, first unrecognized character is `}'
i2.s:826: Error: no such instruction: `else {'
i2.s:828: Error: no such instruction: `return possibleActions.get(random.nextInt(possibleActions.size()))'
i2.s:829: Error: junk at end of line, first unrecognized character is `}'
i2.s:830: Error: junk at end of line, first unrecognized character is `}'
i2.s:831: Error: junk at end of line, first unrecognized character is `}'
